Using pre-set license
Built from '2020.2/staging' branch; Version is '2020.2.7f1 (c53830e277f1) revision 12924976'; Using compiler version '192528614'; Build Type 'Release'
OS: 'Windows 10 Education; OS build 19042.867; Version 2009; 64bit' Language: 'en' Physical Memory: 32693 MB
BatchMode: 1, IsHumanControllingUs: 0, StartBugReporterOnCrash: 0, Is64bit: 1, IsPro: 0

 COMMAND LINE ARGUMENTS:
C:\Program Files\Unity\Hub\Editor\2020.2.7f1\Editor\Unity.exe
-adb2
-batchMode
-noUpm
-name
AssetImportWorker0
-projectPath
C:/Users/Arkoren/Documents/GitHub/VRT-Museum
-logFile
Logs/AssetImportWorker0.log
-srvPort
49850
Successfully changed project path to: C:/Users/Arkoren/Documents/GitHub/VRT-Museum
C:/Users/Arkoren/Documents/GitHub/VRT-Museum
Using Asset Import Pipeline V2.
Refreshing native plugins compatible for Editor in 42.03 ms, found 8 plugins.
Preloading 1 native plugins for Editor in 0.98 ms.
Initialize engine version: 2020.2.7f1 (c53830e277f1)
[Subsystems] Discovering subsystems at path C:/Program Files/Unity/Hub/Editor/2020.2.7f1/Editor/Data/Resources/UnitySubsystems
[Subsystems] Discovering subsystems at path C:/Users/Arkoren/Documents/GitHub/VRT-Museum/Assets
GfxDevice: creating device client; threaded=0
Direct3D:
    Version:  Direct3D 11.0 [level 11.1]
    Renderer: NVIDIA GeForce RTX 3090 (ID=0x2204)
    Vendor:   
    VRAM:     24348 MB
    Driver:   27.21.14.6140
Shader 'Universal Render Pipeline/Particles/Lit': fallback shader 'Universal Render Pipeline/Particles/SimpleLit' not found
Initialize mono
Mono path[0] = 'C:/Program Files/Unity/Hub/Editor/2020.2.7f1/Editor/Data/Managed'
Mono path[1] = 'C:/Program Files/Unity/Hub/Editor/2020.2.7f1/Editor/Data/MonoBleedingEdge/lib/mono/unityjit'
Mono config path = 'C:/Program Files/Unity/Hub/Editor/2020.2.7f1/Editor/Data/MonoBleedingEdge/etc'
Using monoOptions --debugger-agent=transport=dt_socket,embedding=1,server=y,suspend=n,address=127.0.0.1:56552
Begin MonoManager ReloadAssembly
Registering precompiled unity dll's ...
Register platform support module: C:/Program Files/Unity/Hub/Editor/2020.2.7f1/Editor/Data/PlaybackEngines/WindowsStandaloneSupport/UnityEditor.WindowsStandalone.Extensions.dll
Registered in 0.001176 seconds.
Native extension for WindowsStandalone target not found
Refreshing native plugins compatible for Editor in 37.04 ms, found 8 plugins.
Preloading 1 native plugins for Editor in 0.07 ms.
Invoked RoslynAnalysisRunner static constructor.
RoslynAnalysisRunner will not be running.
RoslynAnalysisRunner has terminated.
Mono: successfully reloaded assembly
- Completed reload, in  0.754 seconds
Platform modules already initialized, skipping
Registering precompiled user dll's ...
Registered in 0.002974 seconds.
Begin MonoManager ReloadAssembly
Native extension for WindowsStandalone target not found
Refreshing native plugins compatible for Editor in 36.68 ms, found 8 plugins.
Preloading 1 native plugins for Editor in 0.07 ms.
Invoked RoslynAnalysisRunner static constructor.
RoslynAnalysisRunner will not be running.
RoslynAnalysisRunner has terminated.
NullReferenceException: Object reference not set to an instance of an object
  at Unity.XR.Oculus.OculusLoader.AssetPathToAbsolutePath (System.String assetPath) [0x0004c] in C:\Users\Arkoren\Documents\GitHub\VRT-Museum\Library\PackageCache\com.unity.xr.oculus@1.8.1\Runtime\OculusLoader.cs:243 
  at Unity.XR.Oculus.OculusLoader.EditorLoadOVRPlugin () [0x000b0] in C:\Users\Arkoren\Documents\GitHub\VRT-Museum\Library\PackageCache\com.unity.xr.oculus@1.8.1\Runtime\OculusLoader.cs:228 

(Filename: Library/PackageCache/com.unity.xr.oculus@1.8.1/Runtime/OculusLoader.cs Line: 243)

Mono: successfully reloaded assembly
- Completed reload, in  0.737 seconds
Platform modules already initialized, skipping
========================================================================
Worker process is ready to serve import requests
Shader 'Universal Render Pipeline/Particles/Lit': fallback shader 'Universal Render Pipeline/Particles/SimpleLit' not found
Launched and connected shader compiler UnityShaderCompiler.exe after 0.05 seconds
Refreshing native plugins compatible for Editor in 0.69 ms, found 8 plugins.
Preloading 1 native plugins for Editor in 0.07 ms.
Unloading 3062 Unused Serialized files (Serialized files now loaded: 0)
System memory in use before: 145.2 MB.
System memory in use after: 145.2 MB.

Unloading 27 unused Assets to reduce memory usage. Loaded Objects now: 3509.
Total: 2.420100 ms (FindLiveObjects: 0.293300 ms CreateObjectMapping: 0.070100 ms MarkObjects: 1.949600 ms  DeleteObjects: 0.106600 ms)

========================================================================
Received Import Request.
  path: Assets/Scenes/SampleScene/Lightmap-0_comp_light.exr
  artifactKey: Guid(7dbce9baa965ab147a0ac11064919606) Importer(815301076,1909f56bfc062723c751e8b465ee728b)
Start importing Assets/Scenes/SampleScene/Lightmap-0_comp_light.exr using Guid(7dbce9baa965ab147a0ac11064919606) Importer(815301076,1909f56bfc062723c751e8b465ee728b)  -> (artifact id: 'a0ca95c1570de26d1e6ac0fcae8e7328') in 0.106043 seconds
  Import took 0.110395 seconds .

========================================================================
Received Import Request.
  Time since last request: 0.000194 seconds.
  path: Assets/Scenes/SampleScene/Lightmap-2_comp_dir.png
  artifactKey: Guid(d7c2b3545353bbe459ff4051dcfdfeb1) Importer(815301076,1909f56bfc062723c751e8b465ee728b)
Start importing Assets/Scenes/SampleScene/Lightmap-2_comp_dir.png using Guid(d7c2b3545353bbe459ff4051dcfdfeb1) Importer(815301076,1909f56bfc062723c751e8b465ee728b)  -> (artifact id: 'da68812c973773d0c21067f4b65e6372') in 0.036429 seconds
  Import took 0.040340 seconds .

========================================================================
Received Import Request.
  Time since last request: 0.000172 seconds.
  path: Assets/Scenes/SampleScene/ReflectionProbe-3.exr
  artifactKey: Guid(0b40924150530d14aadc788f4cb583b1) Importer(815301076,1909f56bfc062723c751e8b465ee728b)
Start importing Assets/Scenes/SampleScene/ReflectionProbe-3.exr using Guid(0b40924150530d14aadc788f4cb583b1) Importer(815301076,1909f56bfc062723c751e8b465ee728b)  -> (artifact id: 'b0e52794825542d34f3ad06b4bf3fc93') in 0.032796 seconds
  Import took 0.036650 seconds .

========================================================================
Received Import Request.
  Time since last request: 0.000185 seconds.
  path: Assets/Scenes/SampleScene/Lightmap-2_comp_light.exr
  artifactKey: Guid(15b9ae833e3105846895e013d69157b6) Importer(815301076,1909f56bfc062723c751e8b465ee728b)
Start importing Assets/Scenes/SampleScene/Lightmap-2_comp_light.exr using Guid(15b9ae833e3105846895e013d69157b6) Importer(815301076,1909f56bfc062723c751e8b465ee728b)  -> (artifact id: 'd47c1bff4fc0a55a6377ecc93b00584f') in 0.010842 seconds
  Import took 0.014514 seconds .

========================================================================
Received Import Request.
  Time since last request: 0.000166 seconds.
  path: Assets/Scenes/SampleScene/Lightmap-7_comp_light.exr
  artifactKey: Guid(7df0b5401b88d704ea297359dd3dde08) Importer(815301076,1909f56bfc062723c751e8b465ee728b)
Start importing Assets/Scenes/SampleScene/Lightmap-7_comp_light.exr using Guid(7df0b5401b88d704ea297359dd3dde08) Importer(815301076,1909f56bfc062723c751e8b465ee728b)  -> (artifact id: '475703eafa408ca026896d111c424386') in 0.009745 seconds
  Import took 0.014097 seconds .

========================================================================
Received Import Request.
  Time since last request: 0.000130 seconds.
  path: Assets/Scenes/SampleScene/ReflectionProbe-6.exr
  artifactKey: Guid(e45ec7c8f294bae4b9da984715506702) Importer(815301076,1909f56bfc062723c751e8b465ee728b)
Start importing Assets/Scenes/SampleScene/ReflectionProbe-6.exr using Guid(e45ec7c8f294bae4b9da984715506702) Importer(815301076,1909f56bfc062723c751e8b465ee728b)  -> (artifact id: 'f585f53d0245c1b8ca7e4e4dbfc3d1fa') in 0.011546 seconds
  Import took 0.014671 seconds .

========================================================================
Received Import Request.
  Time since last request: 0.000272 seconds.
  path: Assets/Scenes/SampleScene/ReflectionProbe-1.exr
  artifactKey: Guid(16ac0ad362f8334428f93c71bbc11bae) Importer(815301076,1909f56bfc062723c751e8b465ee728b)
Start importing Assets/Scenes/SampleScene/ReflectionProbe-1.exr using Guid(16ac0ad362f8334428f93c71bbc11bae) Importer(815301076,1909f56bfc062723c751e8b465ee728b)  -> (artifact id: 'd7a839e43600d20551f3a6e45d918819') in 0.013311 seconds
  Import took 0.017128 seconds .

========================================================================
Received Import Request.
  Time since last request: 0.000246 seconds.
  path: Assets/Scenes/SampleScene/ReflectionProbe-4.exr
  artifactKey: Guid(168f2453bc1aea245948fe7184b6e947) Importer(815301076,1909f56bfc062723c751e8b465ee728b)
Start importing Assets/Scenes/SampleScene/ReflectionProbe-4.exr using Guid(168f2453bc1aea245948fe7184b6e947) Importer(815301076,1909f56bfc062723c751e8b465ee728b)  -> (artifact id: '4081dc9c0249aa4368e6af78e670dd17') in 0.026603 seconds
  Import took 0.030480 seconds .

========================================================================
Received Import Request.
  Time since last request: 0.000185 seconds.
  path: Assets/Textures/VRT Icon.png
  artifactKey: Guid(5b1d5753045690e4d96f1c93616ab32b) Importer(815301076,1909f56bfc062723c751e8b465ee728b)
Start importing Assets/Textures/VRT Icon.png using Guid(5b1d5753045690e4d96f1c93616ab32b) Importer(815301076,1909f56bfc062723c751e8b465ee728b)  -> (artifact id: 'a8d7ee66e08be2d400acfa198a5f37f4') in 0.007905 seconds
  Import took 0.011852 seconds .

========================================================================
Received Import Request.
  Time since last request: 0.000155 seconds.
  path: Assets/Scenes/SampleScene/Lightmap-3_comp_light.exr
  artifactKey: Guid(7613b0b7f6e71074f8f638fa0e28ff45) Importer(815301076,1909f56bfc062723c751e8b465ee728b)
Start importing Assets/Scenes/SampleScene/Lightmap-3_comp_light.exr using Guid(7613b0b7f6e71074f8f638fa0e28ff45) Importer(815301076,1909f56bfc062723c751e8b465ee728b)  -> (artifact id: '90406016246251649cbbe19bacd73ae5') in 0.008355 seconds
  Import took 0.010959 seconds .

========================================================================
Received Import Request.
  Time since last request: 0.000116 seconds.
  path: Assets/Scenes/SampleScene/Lightmap-6_comp_light.exr
  artifactKey: Guid(a9991e1dd54af5b428ddb8e9bf56183b) Importer(815301076,1909f56bfc062723c751e8b465ee728b)
Start importing Assets/Scenes/SampleScene/Lightmap-6_comp_light.exr using Guid(a9991e1dd54af5b428ddb8e9bf56183b) Importer(815301076,1909f56bfc062723c751e8b465ee728b)  -> (artifact id: 'd6af7d71d1d03ad39c3a27979e10385c') in 0.008493 seconds
  Import took 0.011452 seconds .

========================================================================
Received Import Request.
  Time since last request: 0.000136 seconds.
  path: Assets/Scenes/SampleScene/Lightmap-3_comp_shadowmask.png
  artifactKey: Guid(252b95936c7af7b40acc7d04e3c46a66) Importer(815301076,1909f56bfc062723c751e8b465ee728b)
Start importing Assets/Scenes/SampleScene/Lightmap-3_comp_shadowmask.png using Guid(252b95936c7af7b40acc7d04e3c46a66) Importer(815301076,1909f56bfc062723c751e8b465ee728b)  -> (artifact id: 'd0f8477ad2b245e573f5b19207a67c17') in 0.031170 seconds
  Import took 0.035401 seconds .

========================================================================
Received Import Request.
  Time since last request: 0.000171 seconds.
  path: Assets/Scenes/SampleScene/Lightmap-5_comp_dir.png
  artifactKey: Guid(3d3a89f0f76f7dd41819a51ceb66cfb4) Importer(815301076,1909f56bfc062723c751e8b465ee728b)
Start importing Assets/Scenes/SampleScene/Lightmap-5_comp_dir.png using Guid(3d3a89f0f76f7dd41819a51ceb66cfb4) Importer(815301076,1909f56bfc062723c751e8b465ee728b)  -> (artifact id: '94212d9d9b9eec702b422bd1c131cac1') in 0.008665 seconds
  Import took 0.011791 seconds .

========================================================================
Received Import Request.
  Time since last request: 0.000159 seconds.
  path: Assets/Scenes/SampleScene/ReflectionProbe-7.exr
  artifactKey: Guid(3e2e5307652e2a04ab9226d1c31a830d) Importer(815301076,1909f56bfc062723c751e8b465ee728b)
Start importing Assets/Scenes/SampleScene/ReflectionProbe-7.exr using Guid(3e2e5307652e2a04ab9226d1c31a830d) Importer(815301076,1909f56bfc062723c751e8b465ee728b)  -> (artifact id: 'e7f7914733369291a6768fdd479d4995') in 0.013614 seconds
  Import took 0.017620 seconds .

========================================================================
Received Import Request.
  Time since last request: 0.000150 seconds.
  path: Assets/Scenes/SampleScene/Lightmap-2_comp_shadowmask.png
  artifactKey: Guid(c4eade9d33ad4ab4184fc0ae8a8c5cff) Importer(815301076,1909f56bfc062723c751e8b465ee728b)
Start importing Assets/Scenes/SampleScene/Lightmap-2_comp_shadowmask.png using Guid(c4eade9d33ad4ab4184fc0ae8a8c5cff) Importer(815301076,1909f56bfc062723c751e8b465ee728b)  -> (artifact id: '504bcea5931d6e0e7abd7c132f65f46b') in 0.012767 seconds
  Import took 0.016966 seconds .

========================================================================
Received Import Request.
  Time since last request: 0.000177 seconds.
  path: Assets/Scenes/SampleScene/Lightmap-4_comp_light.exr
  artifactKey: Guid(77101e3121a891c4b9ab56d49ef8a244) Importer(815301076,1909f56bfc062723c751e8b465ee728b)
Start importing Assets/Scenes/SampleScene/Lightmap-4_comp_light.exr using Guid(77101e3121a891c4b9ab56d49ef8a244) Importer(815301076,1909f56bfc062723c751e8b465ee728b)  -> (artifact id: 'a53510ac449825e55a297ff0bc4f592b') in 0.008706 seconds
  Import took 0.012247 seconds .

========================================================================
Received Import Request.
  Time since last request: 0.000141 seconds.
  path: Assets/Scenes/SampleScene/Lightmap-1_comp_light.exr
  artifactKey: Guid(02601135907817b448628fba8167dc38) Importer(815301076,1909f56bfc062723c751e8b465ee728b)
Start importing Assets/Scenes/SampleScene/Lightmap-1_comp_light.exr using Guid(02601135907817b448628fba8167dc38) Importer(815301076,1909f56bfc062723c751e8b465ee728b)  -> (artifact id: '370bb43849e773822bbce8a48e2cbcda') in 0.008347 seconds
  Import took 0.012049 seconds .

========================================================================
Received Import Request.
  Time since last request: 0.000141 seconds.
  path: Assets/Scenes/SampleScene/Lightmap-8_comp_dir.png
  artifactKey: Guid(b0c0678bea2e3f847ad146dced8dd438) Importer(815301076,1909f56bfc062723c751e8b465ee728b)
Start importing Assets/Scenes/SampleScene/Lightmap-8_comp_dir.png using Guid(b0c0678bea2e3f847ad146dced8dd438) Importer(815301076,1909f56bfc062723c751e8b465ee728b)  -> (artifact id: 'b4559f45207a7cda6fb29b4e72f2175e') in 0.010719 seconds
  Import took 0.014280 seconds .

========================================================================
Received Import Request.
  Time since last request: 0.000166 seconds.
  path: Assets/Scenes/SampleScene/Lightmap-7_comp_dir.png
  artifactKey: Guid(4c01fcaecf70a5645a92c9724d2cc7f3) Importer(815301076,1909f56bfc062723c751e8b465ee728b)
Start importing Assets/Scenes/SampleScene/Lightmap-7_comp_dir.png using Guid(4c01fcaecf70a5645a92c9724d2cc7f3) Importer(815301076,1909f56bfc062723c751e8b465ee728b)  -> (artifact id: '398abbfa55b997f0875e28d542b31c9d') in 0.008440 seconds
  Import took 0.011617 seconds .

========================================================================
Received Import Request.
  Time since last request: 0.000150 seconds.
  path: Assets/Scenes/SampleScene/ReflectionProbe-0.exr
  artifactKey: Guid(369d2056136229e48a8441f73331328e) Importer(815301076,1909f56bfc062723c751e8b465ee728b)
Start importing Assets/Scenes/SampleScene/ReflectionProbe-0.exr using Guid(369d2056136229e48a8441f73331328e) Importer(815301076,1909f56bfc062723c751e8b465ee728b)  -> (artifact id: '80e0d162f382ba9dc36b203849c42c51') in 0.010688 seconds
  Import took 0.013855 seconds .

========================================================================
Received Import Request.
  Time since last request: 0.000190 seconds.
  path: Assets/Scenes/SampleScene/Lightmap-8_comp_light.exr
  artifactKey: Guid(57475f3318569ac458afdb7717aee023) Importer(815301076,1909f56bfc062723c751e8b465ee728b)
Start importing Assets/Scenes/SampleScene/Lightmap-8_comp_light.exr using Guid(57475f3318569ac458afdb7717aee023) Importer(815301076,1909f56bfc062723c751e8b465ee728b)  -> (artifact id: '3b548cb37eb6af81cf7a010e74a3a0f3') in 0.009130 seconds
  Import took 0.019569 seconds .

========================================================================
Received Import Request.
  Time since last request: 0.000166 seconds.
  path: Assets/Scenes/SampleScene/Lightmap-7_comp_shadowmask.png
  artifactKey: Guid(2acff55d8bd249744bde7a4dcf351974) Importer(815301076,1909f56bfc062723c751e8b465ee728b)
Start importing Assets/Scenes/SampleScene/Lightmap-7_comp_shadowmask.png using Guid(2acff55d8bd249744bde7a4dcf351974) Importer(815301076,1909f56bfc062723c751e8b465ee728b)  -> (artifact id: '7b239cc6a497c43fabe5d2a88881be87') in 0.012955 seconds
  Import took 0.016739 seconds .

========================================================================
Received Import Request.
  Time since last request: 0.000176 seconds.
  path: Assets/Scenes/SampleScene/ReflectionProbe-5.exr
  artifactKey: Guid(99f283149fd890c4293cccf46385830a) Importer(815301076,1909f56bfc062723c751e8b465ee728b)
Start importing Assets/Scenes/SampleScene/ReflectionProbe-5.exr using Guid(99f283149fd890c4293cccf46385830a) Importer(815301076,1909f56bfc062723c751e8b465ee728b)  -> (artifact id: '0371db80a622e0078fd7181e34d91abd') in 0.013757 seconds
  Import took 0.017572 seconds .

========================================================================
Received Import Request.
  Time since last request: 0.000157 seconds.
  path: Assets/Scenes/SampleScene/ReflectionProbe-8.exr
  artifactKey: Guid(23be15ac48a1d05408baf6b461512d77) Importer(815301076,1909f56bfc062723c751e8b465ee728b)
Start importing Assets/Scenes/SampleScene/ReflectionProbe-8.exr using Guid(23be15ac48a1d05408baf6b461512d77) Importer(815301076,1909f56bfc062723c751e8b465ee728b)  -> (artifact id: '6213fd841599ade95c43a6d8f754ca33') in 0.011052 seconds
  Import took 0.014477 seconds .

========================================================================
Received Import Request.
  Time since last request: 0.000158 seconds.
  path: Assets/Scenes/SampleScene/Lightmap-5_comp_shadowmask.png
  artifactKey: Guid(1390ed2122e3d724284e97f53c432c04) Importer(815301076,1909f56bfc062723c751e8b465ee728b)
Start importing Assets/Scenes/SampleScene/Lightmap-5_comp_shadowmask.png using Guid(1390ed2122e3d724284e97f53c432c04) Importer(815301076,1909f56bfc062723c751e8b465ee728b)  -> (artifact id: '13e742b5ea347ad4311e5a582d3e2c97') in 0.012599 seconds
  Import took 0.016688 seconds .

========================================================================
Received Import Request.
  Time since last request: 0.000178 seconds.
  path: Assets/Scenes/SampleScene/Lightmap-5_comp_light.exr
  artifactKey: Guid(54a95dcdfc048ef409a4e9977ef62c20) Importer(815301076,1909f56bfc062723c751e8b465ee728b)
Start importing Assets/Scenes/SampleScene/Lightmap-5_comp_light.exr using Guid(54a95dcdfc048ef409a4e9977ef62c20) Importer(815301076,1909f56bfc062723c751e8b465ee728b)  -> (artifact id: '23366f1e544f67444cb6854e9cc0802f') in 0.008540 seconds
  Import took 0.012080 seconds .

========================================================================
Received Import Request.
  Time since last request: 0.000169 seconds.
  path: Assets/Scenes/SampleScene/Lightmap-1_comp_dir.png
  artifactKey: Guid(eb99eafb9bdfdc442be705cabbfdddee) Importer(815301076,1909f56bfc062723c751e8b465ee728b)
Start importing Assets/Scenes/SampleScene/Lightmap-1_comp_dir.png using Guid(eb99eafb9bdfdc442be705cabbfdddee) Importer(815301076,1909f56bfc062723c751e8b465ee728b)  -> (artifact id: '8cc43fe4f2f62687d7a8d56413059201') in 0.009303 seconds
  Import took 0.012726 seconds .

========================================================================
Received Import Request.
  Time since last request: 0.000156 seconds.
  path: Assets/Scenes/SampleScene/Lightmap-3_comp_dir.png
  artifactKey: Guid(22e098bcf910b1a4993ed015e973022b) Importer(815301076,1909f56bfc062723c751e8b465ee728b)
Start importing Assets/Scenes/SampleScene/Lightmap-3_comp_dir.png using Guid(22e098bcf910b1a4993ed015e973022b) Importer(815301076,1909f56bfc062723c751e8b465ee728b)  -> (artifact id: '3d95fb35c69d6e190e4b2ee0da3245f5') in 0.009072 seconds
  Import took 0.012276 seconds .

========================================================================
Received Import Request.
  Time since last request: 0.000191 seconds.
  path: Assets/Scenes/SampleScene/Lightmap-6_comp_dir.png
  artifactKey: Guid(9b9f0a99ae31ca84abec1e20a60e2a6f) Importer(815301076,1909f56bfc062723c751e8b465ee728b)
Start importing Assets/Scenes/SampleScene/Lightmap-6_comp_dir.png using Guid(9b9f0a99ae31ca84abec1e20a60e2a6f) Importer(815301076,1909f56bfc062723c751e8b465ee728b)  -> (artifact id: '037c754262406c214d06b5780b0aa712') in 0.008510 seconds
  Import took 0.012145 seconds .

========================================================================
Received Import Request.
  Time since last request: 0.000160 seconds.
  path: Assets/Scenes/SampleScene/Lightmap-0_comp_dir.png
  artifactKey: Guid(59a4da13986e9af439697d2eed515ff7) Importer(815301076,1909f56bfc062723c751e8b465ee728b)
Start importing Assets/Scenes/SampleScene/Lightmap-0_comp_dir.png using Guid(59a4da13986e9af439697d2eed515ff7) Importer(815301076,1909f56bfc062723c751e8b465ee728b)  -> (artifact id: 'c010056cf83192199666bbb3a87dcf98') in 0.008483 seconds
  Import took 0.012180 seconds .

========================================================================
Received Import Request.
  Time since last request: 0.000162 seconds.
  path: Assets/Scenes/SampleScene/Lightmap-6_comp_shadowmask.png
  artifactKey: Guid(1e3709f6855ffa745afdb8dd3a0a7ab6) Importer(815301076,1909f56bfc062723c751e8b465ee728b)
Start importing Assets/Scenes/SampleScene/Lightmap-6_comp_shadowmask.png using Guid(1e3709f6855ffa745afdb8dd3a0a7ab6) Importer(815301076,1909f56bfc062723c751e8b465ee728b)  -> (artifact id: '2d052c421c62da581d02fd54c32cbb80') in 0.011932 seconds
  Import took 0.016181 seconds .

========================================================================
Received Import Request.
  Time since last request: 0.000147 seconds.
  path: Assets/Scenes/SampleScene/ReflectionProbe-2.exr
  artifactKey: Guid(fdaa58d251373e848b959b40f85cf244) Importer(815301076,1909f56bfc062723c751e8b465ee728b)
Start importing Assets/Scenes/SampleScene/ReflectionProbe-2.exr using Guid(fdaa58d251373e848b959b40f85cf244) Importer(815301076,1909f56bfc062723c751e8b465ee728b)  -> (artifact id: '7ee9fb9345d223fd95b00b0b87f73da9') in 0.012029 seconds
  Import took 0.015643 seconds .

========================================================================
Received Import Request.
  Time since last request: 0.000161 seconds.
  path: Assets/Scenes/SampleScene/Lightmap-8_comp_shadowmask.png
  artifactKey: Guid(8fd1d31c422f90647aa674abfa497167) Importer(815301076,1909f56bfc062723c751e8b465ee728b)
Start importing Assets/Scenes/SampleScene/Lightmap-8_comp_shadowmask.png using Guid(8fd1d31c422f90647aa674abfa497167) Importer(815301076,1909f56bfc062723c751e8b465ee728b)  -> (artifact id: '26cbbcefaac44edb1a2644cfa5fa05ed') in 0.018527 seconds
  Import took 0.022716 seconds .

========================================================================
Received Import Request.
  Time since last request: 0.000181 seconds.
  path: Assets/Scenes/SampleScene/Lightmap-4_comp_dir.png
  artifactKey: Guid(f61489a4f3ab0f94bb38902d2e8957ff) Importer(815301076,1909f56bfc062723c751e8b465ee728b)
Start importing Assets/Scenes/SampleScene/Lightmap-4_comp_dir.png using Guid(f61489a4f3ab0f94bb38902d2e8957ff) Importer(815301076,1909f56bfc062723c751e8b465ee728b)  -> (artifact id: 'ed6ead8e1c0e4d0b5bcbce8a277b2065') in 0.009068 seconds
  Import took 0.012746 seconds .

========================================================================
Received Import Request.
  Time since last request: 9.950086 seconds.
  path: Assets/Textures/VRT Icon.png
  artifactKey: Guid(5b1d5753045690e4d96f1c93616ab32b) Importer(815301076,1909f56bfc062723c751e8b465ee728b)
Start importing Assets/Textures/VRT Icon.png using Guid(5b1d5753045690e4d96f1c93616ab32b) Importer(815301076,1909f56bfc062723c751e8b465ee728b)  -> (artifact id: '4bcd715907ca46afa7eb62c64a34a8db') in 0.017357 seconds
  Import took 0.021568 seconds .

========================================================================
Received Import Request.
  Time since last request: 204.566678 seconds.
  path: Assets/Textures/Logo-Light.png
  artifactKey: Guid(e6135b4b2b8fe8c4eba93c745c70ea43) Importer(815301076,1909f56bfc062723c751e8b465ee728b)
Start importing Assets/Textures/Logo-Light.png using Guid(e6135b4b2b8fe8c4eba93c745c70ea43) Importer(815301076,1909f56bfc062723c751e8b465ee728b)  -> (artifact id: '14fcbaea10fcf811378c9beeae827292') in 0.008385 seconds
  Import took 0.012975 seconds .

========================================================================
Received Import Request.
  Time since last request: 3.520246 seconds.
  path: Assets/Textures/Logo-Light.png
  artifactKey: Guid(e6135b4b2b8fe8c4eba93c745c70ea43) Importer(815301076,1909f56bfc062723c751e8b465ee728b)
Start importing Assets/Textures/Logo-Light.png using Guid(e6135b4b2b8fe8c4eba93c745c70ea43) Importer(815301076,1909f56bfc062723c751e8b465ee728b)  -> (artifact id: '421e8f3ebdc4cdd86f80093180565f68') in 0.011686 seconds
  Import took 0.015896 seconds .

========================================================================
Received Prepare
Registering precompiled user dll's ...
Registered in 0.003207 seconds.
Begin MonoManager ReloadAssembly
Native extension for WindowsStandalone target not found
Refreshing native plugins compatible for Editor in 0.69 ms, found 8 plugins.
Preloading 1 native plugins for Editor in 0.07 ms.
Invoked RoslynAnalysisRunner static constructor.
RoslynAnalysisRunner will not be running.
RoslynAnalysisRunner has terminated.
NullReferenceException: Object reference not set to an instance of an object
  at Unity.XR.Oculus.OculusLoader.AssetPathToAbsolutePath (System.String assetPath) [0x0004c] in C:\Users\Arkoren\Documents\GitHub\VRT-Museum\Library\PackageCache\com.unity.xr.oculus@1.8.1\Runtime\OculusLoader.cs:243 
  at Unity.XR.Oculus.OculusLoader.EditorLoadOVRPlugin () [0x000b0] in C:\Users\Arkoren\Documents\GitHub\VRT-Museum\Library\PackageCache\com.unity.xr.oculus@1.8.1\Runtime\OculusLoader.cs:228 

(Filename: Library/PackageCache/com.unity.xr.oculus@1.8.1/Runtime/OculusLoader.cs Line: 243)

Mono: successfully reloaded assembly
- Completed reload, in  0.689 seconds
Platform modules already initialized, skipping
Shader 'Universal Render Pipeline/Particles/Lit': fallback shader 'Universal Render Pipeline/Particles/SimpleLit' not found
Refreshing native plugins compatible for Editor in 0.70 ms, found 8 plugins.
Preloading 1 native plugins for Editor in 0.07 ms.
Unloading 2931 Unused Serialized files (Serialized files now loaded: 0)
System memory in use before: 138.6 MB.
System memory in use after: 138.8 MB.

Unloading 20 unused Assets to reduce memory usage. Loaded Objects now: 3550.
Total: 2.270900 ms (FindLiveObjects: 0.386400 ms CreateObjectMapping: 0.077400 ms MarkObjects: 1.751800 ms  DeleteObjects: 0.054500 ms)

========================================================================
Received Prepare
Registering precompiled user dll's ...
Registered in 0.003500 seconds.
Begin MonoManager ReloadAssembly
Native extension for WindowsStandalone target not found
Refreshing native plugins compatible for Editor in 0.81 ms, found 8 plugins.
Preloading 1 native plugins for Editor in 0.09 ms.
Invoked RoslynAnalysisRunner static constructor.
RoslynAnalysisRunner will not be running.
RoslynAnalysisRunner has terminated.
NullReferenceException: Object reference not set to an instance of an object
  at Unity.XR.Oculus.OculusLoader.AssetPathToAbsolutePath (System.String assetPath) [0x0004c] in C:\Users\Arkoren\Documents\GitHub\VRT-Museum\Library\PackageCache\com.unity.xr.oculus@1.8.1\Runtime\OculusLoader.cs:243 
  at Unity.XR.Oculus.OculusLoader.EditorLoadOVRPlugin () [0x000b0] in C:\Users\Arkoren\Documents\GitHub\VRT-Museum\Library\PackageCache\com.unity.xr.oculus@1.8.1\Runtime\OculusLoader.cs:228 

(Filename: Library/PackageCache/com.unity.xr.oculus@1.8.1/Runtime/OculusLoader.cs Line: 243)

Mono: successfully reloaded assembly
- Completed reload, in  0.758 seconds
Platform modules already initialized, skipping
Shader 'Universal Render Pipeline/Particles/Lit': fallback shader 'Universal Render Pipeline/Particles/SimpleLit' not found
Refreshing native plugins compatible for Editor in 0.72 ms, found 8 plugins.
Preloading 1 native plugins for Editor in 0.08 ms.
Unloading 2931 Unused Serialized files (Serialized files now loaded: 0)
System memory in use before: 138.6 MB.
System memory in use after: 138.8 MB.

Unloading 20 unused Assets to reduce memory usage. Loaded Objects now: 3554.
Total: 2.893300 ms (FindLiveObjects: 0.301600 ms CreateObjectMapping: 0.140700 ms MarkObjects: 2.380700 ms  DeleteObjects: 0.069500 ms)

========================================================================
Received Import Request.
  Time since last request: 1045.197883 seconds.
  path: Assets/Objects/StatuePrefabs/StatueBase.prefab
  artifactKey: Guid(02f21be9c8146c442b28290e525a07ca) Importer(815301076,1909f56bfc062723c751e8b465ee728b)
Start importing Assets/Objects/StatuePrefabs/StatueBase.prefab using Guid(02f21be9c8146c442b28290e525a07ca) Importer(815301076,1909f56bfc062723c751e8b465ee728b)  -> (artifact id: 'da086741e6825aad8e97807c154551a2') in 0.165864 seconds
  Import took 0.171746 seconds .

========================================================================
Received Import Request.
  Time since last request: 36.069565 seconds.
  path: Packages/com.unity.xr.interaction.toolkit/Runtime/Locomotion/Teleportation/BaseTeleportationInteractable.cs
  artifactKey: Guid(16b11779d1fb94c4a8616749f5e916ef) Importer(815301076,1909f56bfc062723c751e8b465ee728b)
Start importing Packages/com.unity.xr.interaction.toolkit/Runtime/Locomotion/Teleportation/BaseTeleportationInteractable.cs using Guid(16b11779d1fb94c4a8616749f5e916ef) Importer(815301076,1909f56bfc062723c751e8b465ee728b)  -> (artifact id: '6540bd8c29b51b8e01fdf5c21d5c05b1') in 0.007163 seconds
  Import took 0.012802 seconds .

========================================================================
Received Import Request.
  Time since last request: 0.004249 seconds.
  path: Packages/com.unity.xr.interaction.toolkit/Runtime/Locomotion/Teleportation/BaseTeleportationInteractable.cs
  artifactKey: Guid(16b11779d1fb94c4a8616749f5e916ef) Importer(815301076,1909f56bfc062723c751e8b465ee728b)
Start importing Packages/com.unity.xr.interaction.toolkit/Runtime/Locomotion/Teleportation/BaseTeleportationInteractable.cs using Guid(16b11779d1fb94c4a8616749f5e916ef) Importer(815301076,1909f56bfc062723c751e8b465ee728b)  -> (artifact id: '6540bd8c29b51b8e01fdf5c21d5c05b1') in 0.002200 seconds
  Import took 0.006380 seconds .

========================================================================
Received Prepare
Registering precompiled user dll's ...
Registered in 0.003507 seconds.
Begin MonoManager ReloadAssembly
Native extension for WindowsStandalone target not found
Refreshing native plugins compatible for Editor in 0.70 ms, found 8 plugins.
Preloading 1 native plugins for Editor in 0.08 ms.
Invoked RoslynAnalysisRunner static constructor.
RoslynAnalysisRunner will not be running.
RoslynAnalysisRunner has terminated.
NullReferenceException: Object reference not set to an instance of an object
  at Unity.XR.Oculus.OculusLoader.AssetPathToAbsolutePath (System.String assetPath) [0x0004c] in C:\Users\Arkoren\Documents\GitHub\VRT-Museum\Library\PackageCache\com.unity.xr.oculus@1.8.1\Runtime\OculusLoader.cs:243 
  at Unity.XR.Oculus.OculusLoader.EditorLoadOVRPlugin () [0x000b0] in C:\Users\Arkoren\Documents\GitHub\VRT-Museum\Library\PackageCache\com.unity.xr.oculus@1.8.1\Runtime\OculusLoader.cs:228 

(Filename: Library/PackageCache/com.unity.xr.oculus@1.8.1/Runtime/OculusLoader.cs Line: 243)

Mono: successfully reloaded assembly
- Completed reload, in  0.730 seconds
Platform modules already initialized, skipping
Shader 'Universal Render Pipeline/Particles/Lit': fallback shader 'Universal Render Pipeline/Particles/SimpleLit' not found
Refreshing native plugins compatible for Editor in 0.86 ms, found 8 plugins.
Preloading 1 native plugins for Editor in 0.08 ms.
Unloading 2931 Unused Serialized files (Serialized files now loaded: 0)
System memory in use before: 140.9 MB.
System memory in use after: 141.1 MB.

Unloading 20 unused Assets to reduce memory usage. Loaded Objects now: 3599.
Total: 2.664100 ms (FindLiveObjects: 0.366000 ms CreateObjectMapping: 0.084400 ms MarkObjects: 2.148500 ms  DeleteObjects: 0.064400 ms)

========================================================================
Received Prepare
Registering precompiled user dll's ...
Registered in 0.003109 seconds.
Begin MonoManager ReloadAssembly
Native extension for WindowsStandalone target not found
Refreshing native plugins compatible for Editor in 0.68 ms, found 8 plugins.
Preloading 1 native plugins for Editor in 0.07 ms.
Invoked RoslynAnalysisRunner static constructor.
RoslynAnalysisRunner will not be running.
RoslynAnalysisRunner has terminated.
NullReferenceException: Object reference not set to an instance of an object
  at Unity.XR.Oculus.OculusLoader.AssetPathToAbsolutePath (System.String assetPath) [0x0004c] in C:\Users\Arkoren\Documents\GitHub\VRT-Museum\Library\PackageCache\com.unity.xr.oculus@1.8.1\Runtime\OculusLoader.cs:243 
  at Unity.XR.Oculus.OculusLoader.EditorLoadOVRPlugin () [0x000b0] in C:\Users\Arkoren\Documents\GitHub\VRT-Museum\Library\PackageCache\com.unity.xr.oculus@1.8.1\Runtime\OculusLoader.cs:228 

(Filename: Library/PackageCache/com.unity.xr.oculus@1.8.1/Runtime/OculusLoader.cs Line: 243)

Mono: successfully reloaded assembly
- Completed reload, in  0.696 seconds
Platform modules already initialized, skipping
Shader 'Universal Render Pipeline/Particles/Lit': fallback shader 'Universal Render Pipeline/Particles/SimpleLit' not found
Refreshing native plugins compatible for Editor in 0.73 ms, found 8 plugins.
Preloading 1 native plugins for Editor in 0.09 ms.
Unloading 2931 Unused Serialized files (Serialized files now loaded: 0)
System memory in use before: 141.0 MB.
System memory in use after: 141.2 MB.

Unloading 20 unused Assets to reduce memory usage. Loaded Objects now: 3603.
Total: 2.605000 ms (FindLiveObjects: 0.280000 ms CreateObjectMapping: 0.079000 ms MarkObjects: 2.179900 ms  DeleteObjects: 0.065100 ms)

========================================================================
Received Prepare
Shader 'Universal Render Pipeline/Particles/Lit': fallback shader 'Universal Render Pipeline/Particles/SimpleLit' not found
Refreshing native plugins compatible for Editor in 3.93 ms, found 8 plugins.
Preloading 1 native plugins for Editor in 0.05 ms.
Unloading 17 Unused Serialized files (Serialized files now loaded: 0)
System memory in use before: 86.8 MB.
System memory in use after: 87.0 MB.

Unloading 17 unused Assets to reduce memory usage. Loaded Objects now: 3603.
Total: 2.842600 ms (FindLiveObjects: 0.306900 ms CreateObjectMapping: 0.178500 ms MarkObjects: 2.293200 ms  DeleteObjects: 0.063400 ms)

========================================================================
Received Prepare
Registering precompiled user dll's ...
Registered in 0.003213 seconds.
Begin MonoManager ReloadAssembly
Native extension for WindowsStandalone target not found
Refreshing native plugins compatible for Editor in 0.73 ms, found 8 plugins.
Preloading 1 native plugins for Editor in 0.07 ms.
Invoked RoslynAnalysisRunner static constructor.
RoslynAnalysisRunner will not be running.
RoslynAnalysisRunner has terminated.
NullReferenceException: Object reference not set to an instance of an object
  at Unity.XR.Oculus.OculusLoader.AssetPathToAbsolutePath (System.String assetPath) [0x0004c] in C:\Users\Arkoren\Documents\GitHub\VRT-Museum\Library\PackageCache\com.unity.xr.oculus@1.8.1\Runtime\OculusLoader.cs:243 
  at Unity.XR.Oculus.OculusLoader.EditorLoadOVRPlugin () [0x000b0] in C:\Users\Arkoren\Documents\GitHub\VRT-Museum\Library\PackageCache\com.unity.xr.oculus@1.8.1\Runtime\OculusLoader.cs:228 

(Filename: Library/PackageCache/com.unity.xr.oculus@1.8.1/Runtime/OculusLoader.cs Line: 243)

Mono: successfully reloaded assembly
- Completed reload, in  0.706 seconds
Platform modules already initialized, skipping
Shader 'Universal Render Pipeline/Particles/Lit': fallback shader 'Universal Render Pipeline/Particles/SimpleLit' not found
Refreshing native plugins compatible for Editor in 0.77 ms, found 8 plugins.
Preloading 1 native plugins for Editor in 0.09 ms.
Unloading 2931 Unused Serialized files (Serialized files now loaded: 0)
System memory in use before: 148.2 MB.
System memory in use after: 148.4 MB.

Unloading 20 unused Assets to reduce memory usage. Loaded Objects now: 3607.
Total: 3.846800 ms (FindLiveObjects: 0.942000 ms CreateObjectMapping: 0.291400 ms MarkObjects: 2.481400 ms  DeleteObjects: 0.130000 ms)

========================================================================
Received Prepare
Registering precompiled user dll's ...
Registered in 0.003442 seconds.
Begin MonoManager ReloadAssembly
Native extension for WindowsStandalone target not found
Refreshing native plugins compatible for Editor in 0.77 ms, found 8 plugins.
Preloading 1 native plugins for Editor in 0.08 ms.
Invoked RoslynAnalysisRunner static constructor.
RoslynAnalysisRunner will not be running.
RoslynAnalysisRunner has terminated.
NullReferenceException: Object reference not set to an instance of an object
  at Unity.XR.Oculus.OculusLoader.AssetPathToAbsolutePath (System.String assetPath) [0x0004c] in C:\Users\Arkoren\Documents\GitHub\VRT-Museum\Library\PackageCache\com.unity.xr.oculus@1.8.1\Runtime\OculusLoader.cs:243 
  at Unity.XR.Oculus.OculusLoader.EditorLoadOVRPlugin () [0x000b0] in C:\Users\Arkoren\Documents\GitHub\VRT-Museum\Library\PackageCache\com.unity.xr.oculus@1.8.1\Runtime\OculusLoader.cs:228 

(Filename: Library/PackageCache/com.unity.xr.oculus@1.8.1/Runtime/OculusLoader.cs Line: 243)

Mono: successfully reloaded assembly
- Completed reload, in  0.722 seconds
Platform modules already initialized, skipping
Shader 'Universal Render Pipeline/Particles/Lit': fallback shader 'Universal Render Pipeline/Particles/SimpleLit' not found
Refreshing native plugins compatible for Editor in 0.78 ms, found 8 plugins.
Preloading 1 native plugins for Editor in 0.08 ms.
Unloading 2931 Unused Serialized files (Serialized files now loaded: 0)
System memory in use before: 148.2 MB.
System memory in use after: 148.4 MB.

Unloading 20 unused Assets to reduce memory usage. Loaded Objects now: 3611.
Total: 2.695300 ms (FindLiveObjects: 0.339600 ms CreateObjectMapping: 0.141900 ms MarkObjects: 2.146100 ms  DeleteObjects: 0.067100 ms)

========================================================================
Received Prepare
Shader 'Universal Render Pipeline/Particles/Lit': fallback shader 'Universal Render Pipeline/Particles/SimpleLit' not found
Refreshing native plugins compatible for Editor in 4.36 ms, found 8 plugins.
Preloading 1 native plugins for Editor in 0.05 ms.
Unloading 17 Unused Serialized files (Serialized files now loaded: 0)
System memory in use before: 90.7 MB.
System memory in use after: 90.9 MB.

Unloading 17 unused Assets to reduce memory usage. Loaded Objects now: 3611.
Total: 2.465400 ms (FindLiveObjects: 0.346900 ms CreateObjectMapping: 0.088800 ms MarkObjects: 1.972700 ms  DeleteObjects: 0.056300 ms)

AssetImportWorkerClient::OnTransportError - code=2 error=End of file
